<?xml version="1.0" encoding="UTF-8"?>
<!-- Generated by org.testng.reporters.JUnitReportReporter -->
<testsuite hostname="CDC2-L-HJBWT93" failures="0" tests="2" name="ChromeTest.ie" time="0.032" errors="0" timestamp="2021-07-13T17:36:00 IST" skipped="0">
  <testcase classname="ChromeTest.ie" name="calculatepercent" time="0.020"/>
  <system-out/>
  <testcase classname="ChromeTest.ie" name="calculatepercent" time="0.012"/>
  <system-out/>
</testsuite> <!-- ChromeTest.ie -->
