<?xml version="1.0" encoding="UTF-8"?>
<!-- Generated by org.testng.reporters.JUnitReportReporter -->
<testsuite hostname="CDC2-L-HJBWT93" failures="0" tests="4" name="ChromeTest.firefox" time="0.049" errors="0" timestamp="2021-07-13T17:45:36 IST" skipped="0">
  <testcase classname="ChromeTest.firefox" name="calculatepercent" time="0.015"/>
  <system-out/>
  <testcase classname="ChromeTest.firefox" name="calculatepercent" time="0.003"/>
  <system-out/>
  <testcase classname="ChromeTest.firefox" name="calculatepercent" time="0.002"/>
  <system-out/>
  <testcase classname="ChromeTest.firefox" name="calculatepercent" time="0.029"/>
  <system-out/>
</testsuite> <!-- ChromeTest.firefox -->
