<?xml version="1.0" encoding="UTF-8"?>
<!-- Generated by org.testng.reporters.JUnitReportReporter -->
<testsuite hostname="CDC2-L-HJBWT93" failures="0" tests="2" name="ChromeTest.chrome" time="0.009" errors="0" timestamp="2021-07-13T17:36:00 IST" skipped="0">
  <testcase classname="ChromeTest.chrome" name="calculatepercent" time="0.007"/>
  <system-out/>
  <testcase classname="ChromeTest.chrome" name="calculatepercent" time="0.002"/>
  <system-out/>
</testsuite> <!-- ChromeTest.chrome -->
